<?xml version="1.0" encoding="UTF-8"?>
<testsuite name="org.example.TowerDefenseGameTest" tests="1" skipped="0" failures="0" errors="0" timestamp="2024-06-25T14:03:14" hostname="DESKTOP-D3ILQNT" time="1.545">
  <properties/>
  <testcase name="testPlaceTower()" classname="org.example.TowerDefenseGameTest" time="1.545"/>
  <system-out><![CDATA[]]></system-out>
  <system-err><![CDATA[]]></system-err>
</testsuite>
